\BOOKMARK [1][-]{section.1}{INTRODUCTION}{}% 1
\BOOKMARK [1][-]{section.2}{Signal Preprocessing}{}% 2
\BOOKMARK [2][-]{subsection.2.1}{Myo Device}{section.2}% 3
\BOOKMARK [2][-]{subsection.2.2}{Signal Collection and preprocessing}{section.2}% 4
\BOOKMARK [1][-]{section.3}{LayeredSense System Overview}{}% 5
\BOOKMARK [2][-]{subsection.3.1}{Feature generation: unit pattern}{section.3}% 6
\BOOKMARK [2][-]{subsection.3.2}{New unit pattern detection}{section.3}% 7
\BOOKMARK [2][-]{subsection.3.3}{User interaction}{section.3}% 8
\BOOKMARK [2][-]{subsection.3.4}{Unit pattern recognition}{section.3}% 9
\BOOKMARK [2][-]{subsection.3.5}{Feature generation: unit pattern sequences}{section.3}% 10
\BOOKMARK [2][-]{subsection.3.6}{Activity Recognition}{section.3}% 11
\BOOKMARK [2][-]{subsection.3.7}{Important observations}{section.3}% 12
\BOOKMARK [3][-]{subsubsection.3.7.1}{Random Forest VS. Support Vector Machine}{subsection.3.7}% 13
\BOOKMARK [3][-]{subsubsection.3.7.2}{Threshold in GMM model to detect new unit patterns}{subsection.3.7}% 14
\BOOKMARK [1][-]{section.4}{Performance Evaluation}{}% 15
\BOOKMARK [2][-]{subsection.4.1}{Accuracy of recognizing new unit patterns}{section.4}% 16
\BOOKMARK [2][-]{subsection.4.2}{accuracy of recognizing unit patterns and activities}{section.4}% 17
\BOOKMARK [1][-]{section.5}{LIMITATIONS and FUTURE WORK}{}% 18
\BOOKMARK [2][-]{subsection.5.1}{Calibration}{section.5}% 19
\BOOKMARK [2][-]{subsection.5.2}{Deployment to mobile device}{section.5}% 20
\BOOKMARK [2][-]{subsection.5.3}{Energy and storage efficiency consideration}{section.5}% 21
\BOOKMARK [2][-]{subsection.5.4}{Shift model training from local to cloud }{section.5}% 22
\BOOKMARK [2][-]{subsection.5.5}{Combine with indoor localization}{section.5}% 23
\BOOKMARK [1][-]{section.6}{Conclusion}{}% 24
\BOOKMARK [1][-]{section*.9}{References}{}% 25
